{"F:\\Desktop\\js\\lectures\\works\\oop\\index.js": {"path":"F:\\Desktop\\js\\lectures\\works\\oop\\index.js","statementMap":{"0":{"start":{"line":11,"column":8},"end":{"line":11,"column":15}},"1":{"start":{"line":12,"column":8},"end":{"line":12,"column":26}},"2":{"start":{"line":13,"column":8},"end":{"line":13,"column":28}},"3":{"start":{"line":16,"column":19},"end":{"line":16,"column":43}},"4":{"start":{"line":17,"column":8},"end":{"line":17,"column":20}},"5":{"start":{"line":20,"column":24},"end":{"line":20,"column":54}},"6":{"start":{"line":21,"column":8},"end":{"line":21,"column":25}},"7":{"start":{"line":27,"column":8},"end":{"line":27,"column":25}},"8":{"start":{"line":28,"column":8},"end":{"line":28,"column":24}},"9":{"start":{"line":31,"column":24},"end":{"line":31,"column":37}},"10":{"start":{"line":32,"column":8},"end":{"line":32,"column":25}},"11":{"start":{"line":38,"column":8},"end":{"line":38,"column":15}},"12":{"start":{"line":39,"column":8},"end":{"line":39,"column":24}},"13":{"start":{"line":40,"column":8},"end":{"line":40,"column":26}},"14":{"start":{"line":41,"column":8},"end":{"line":41,"column":26}},"15":{"start":{"line":42,"column":8},"end":{"line":42,"column":28}},"16":{"start":{"line":45,"column":19},"end":{"line":45,"column":46}},"17":{"start":{"line":46,"column":8},"end":{"line":46,"column":20}},"18":{"start":{"line":49,"column":24},"end":{"line":49,"column":59}},"19":{"start":{"line":50,"column":8},"end":{"line":50,"column":25}},"20":{"start":{"line":56,"column":8},"end":{"line":56,"column":15}},"21":{"start":{"line":57,"column":8},"end":{"line":57,"column":28}},"22":{"start":{"line":60,"column":19},"end":{"line":60,"column":54}},"23":{"start":{"line":61,"column":8},"end":{"line":61,"column":20}},"24":{"start":{"line":64,"column":24},"end":{"line":64,"column":49}},"25":{"start":{"line":65,"column":8},"end":{"line":65,"column":25}},"26":{"start":{"line":69,"column":12},"end":{"line":69,"column":30}},"27":{"start":{"line":70,"column":0},"end":{"line":70,"column":19}},"28":{"start":{"line":71,"column":0},"end":{"line":71,"column":24}},"29":{"start":{"line":73,"column":12},"end":{"line":73,"column":25}},"30":{"start":{"line":74,"column":0},"end":{"line":74,"column":19}},"31":{"start":{"line":75,"column":0},"end":{"line":75,"column":24}},"32":{"start":{"line":77,"column":12},"end":{"line":77,"column":34}},"33":{"start":{"line":78,"column":0},"end":{"line":78,"column":19}},"34":{"start":{"line":79,"column":0},"end":{"line":79,"column":24}},"35":{"start":{"line":81,"column":15},"end":{"line":81,"column":28}},"36":{"start":{"line":82,"column":0},"end":{"line":82,"column":22}},"37":{"start":{"line":83,"column":0},"end":{"line":83,"column":27}},"38":{"start":{"line":85,"column":0},"end":{"line":85,"column":54}}},"fnMap":{"0":{"name":"(anonymous_0)","decl":{"start":{"line":2,"column":4},"end":{"line":2,"column":5}},"loc":{"start":{"line":2,"column":19},"end":{"line":4,"column":5}},"line":2},"1":{"name":"(anonymous_1)","decl":{"start":{"line":5,"column":4},"end":{"line":5,"column":5}},"loc":{"start":{"line":5,"column":25},"end":{"line":7,"column":5}},"line":5},"2":{"name":"(anonymous_2)","decl":{"start":{"line":10,"column":4},"end":{"line":10,"column":5}},"loc":{"start":{"line":10,"column":30},"end":{"line":14,"column":5}},"line":10},"3":{"name":"(anonymous_3)","decl":{"start":{"line":15,"column":4},"end":{"line":15,"column":5}},"loc":{"start":{"line":15,"column":19},"end":{"line":18,"column":5}},"line":15},"4":{"name":"(anonymous_4)","decl":{"start":{"line":19,"column":4},"end":{"line":19,"column":5}},"loc":{"start":{"line":19,"column":24},"end":{"line":22,"column":5}},"line":19},"5":{"name":"(anonymous_5)","decl":{"start":{"line":26,"column":4},"end":{"line":26,"column":5}},"loc":{"start":{"line":26,"column":21},"end":{"line":29,"column":5}},"line":26},"6":{"name":"(anonymous_6)","decl":{"start":{"line":30,"column":4},"end":{"line":30,"column":5}},"loc":{"start":{"line":30,"column":24},"end":{"line":33,"column":5}},"line":30},"7":{"name":"(anonymous_7)","decl":{"start":{"line":37,"column":4},"end":{"line":37,"column":5}},"loc":{"start":{"line":37,"column":43},"end":{"line":43,"column":5}},"line":37},"8":{"name":"(anonymous_8)","decl":{"start":{"line":44,"column":4},"end":{"line":44,"column":5}},"loc":{"start":{"line":44,"column":19},"end":{"line":47,"column":5}},"line":44},"9":{"name":"(anonymous_9)","decl":{"start":{"line":48,"column":4},"end":{"line":48,"column":5}},"loc":{"start":{"line":48,"column":24},"end":{"line":51,"column":5}},"line":48},"10":{"name":"(anonymous_10)","decl":{"start":{"line":55,"column":4},"end":{"line":55,"column":5}},"loc":{"start":{"line":55,"column":23},"end":{"line":58,"column":5}},"line":55},"11":{"name":"(anonymous_11)","decl":{"start":{"line":59,"column":4},"end":{"line":59,"column":5}},"loc":{"start":{"line":59,"column":19},"end":{"line":62,"column":5}},"line":59},"12":{"name":"(anonymous_12)","decl":{"start":{"line":63,"column":4},"end":{"line":63,"column":5}},"loc":{"start":{"line":63,"column":24},"end":{"line":66,"column":5}},"line":63}},"branchMap":{},"s":{"0":6,"1":6,"2":6,"3":4,"4":4,"5":2,"6":2,"7":3,"8":3,"9":2,"10":2,"11":3,"12":3,"13":3,"14":3,"15":3,"16":2,"17":2,"18":2,"19":2,"20":3,"21":3,"22":2,"23":2,"24":2,"25":2,"26":1,"27":1,"28":1,"29":1,"30":1,"31":1,"32":1,"33":1,"34":1,"35":1,"36":1,"37":1,"38":1},"f":{"0":0,"1":0,"2":6,"3":4,"4":2,"5":3,"6":2,"7":3,"8":2,"9":2,"10":3,"11":2,"12":2},"b":{},"_coverageSchema":"1a1c01bbd47fc00a2c39e90264f33305004495a9","hash":"539e817b836782dc7cfec38345f2e94b9617e715"}
}
