TN:
SF:index.js
FN:2,(anonymous_0)
FN:5,(anonymous_1)
FN:10,(anonymous_2)
FN:15,(anonymous_3)
FN:19,(anonymous_4)
FN:26,(anonymous_5)
FN:30,(anonymous_6)
FN:37,(anonymous_7)
FN:44,(anonymous_8)
FN:48,(anonymous_9)
FN:55,(anonymous_10)
FN:59,(anonymous_11)
FN:63,(anonymous_12)
FNF:13
FNH:11
FNDA:0,(anonymous_0)
FNDA:0,(anonymous_1)
FNDA:4,(anonymous_2)
FNDA:2,(anonymous_3)
FNDA:1,(anonymous_4)
FNDA:2,(anonymous_5)
FNDA:1,(anonymous_6)
FNDA:2,(anonymous_7)
FNDA:1,(anonymous_8)
FNDA:1,(anonymous_9)
FNDA:2,(anonymous_10)
FNDA:1,(anonymous_11)
FNDA:1,(anonymous_12)
DA:11,4
DA:12,4
DA:13,4
DA:16,2
DA:17,2
DA:20,1
DA:21,1
DA:27,2
DA:28,2
DA:31,1
DA:32,1
DA:38,2
DA:39,2
DA:40,2
DA:41,2
DA:42,2
DA:45,1
DA:46,1
DA:49,1
DA:50,1
DA:56,2
DA:57,2
DA:60,1
DA:61,1
DA:64,1
DA:65,1
DA:69,1
LF:27
LH:27
BRF:0
BRH:0
end_of_record
