TN:
SF:index.js
FN:2,(anonymous_0)
FN:5,(anonymous_1)
FN:10,(anonymous_2)
FN:15,(anonymous_3)
FN:19,(anonymous_4)
FN:26,(anonymous_5)
FN:30,(anonymous_6)
FN:37,(anonymous_7)
FN:44,(anonymous_8)
FN:48,(anonymous_9)
FN:55,(anonymous_10)
FN:59,(anonymous_11)
FN:63,(anonymous_12)
FNF:13
FNH:11
FNDA:0,(anonymous_0)
FNDA:0,(anonymous_1)
FNDA:6,(anonymous_2)
FNDA:4,(anonymous_3)
FNDA:2,(anonymous_4)
FNDA:3,(anonymous_5)
FNDA:2,(anonymous_6)
FNDA:3,(anonymous_7)
FNDA:2,(anonymous_8)
FNDA:2,(anonymous_9)
FNDA:3,(anonymous_10)
FNDA:2,(anonymous_11)
FNDA:2,(anonymous_12)
DA:11,6
DA:12,6
DA:13,6
DA:16,4
DA:17,4
DA:20,2
DA:21,2
DA:27,3
DA:28,3
DA:31,2
DA:32,2
DA:38,3
DA:39,3
DA:40,3
DA:41,3
DA:42,3
DA:45,2
DA:46,2
DA:49,2
DA:50,2
DA:56,3
DA:57,3
DA:60,2
DA:61,2
DA:64,2
DA:65,2
DA:69,1
DA:70,1
DA:71,1
DA:73,1
DA:74,1
DA:75,1
DA:77,1
DA:78,1
DA:79,1
DA:81,1
DA:82,1
DA:83,1
DA:85,1
LF:39
LH:39
BRF:0
BRH:0
end_of_record
